<?xml version="1.0" encoding="UTF-8"?>
<testng-results skipped="0" failed="1" ignored="2" total="6" passed="3">
  <reporter-output>
  </reporter-output>
  <suite name="Suite" duration-ms="100525" started-at="2023-01-04T18:22:25Z" finished-at="2023-01-04T18:24:05Z">
    <groups>
    </groups>
    <test name="Test" duration-ms="100525" started-at="2023-01-04T18:22:25Z" finished-at="2023-01-04T18:24:05Z">
      <class name="tests.LoginTest">
        <test-method status="PASS" signature="setUp()[pri:0, instance:tests.LoginTest@4690b489]" name="setUp" is-config="true" duration-ms="770" started-at="2023-01-04T18:22:24Z" finished-at="2023-01-04T18:22:25Z">
          <reporter-output>
          </reporter-output>
        </test-method> <!-- setUp -->
        <test-method status="PASS" signature="setDriver()[pri:0, instance:tests.LoginTest@4690b489]" name="setDriver" is-config="true" duration-ms="32408" started-at="2023-01-04T18:22:25Z" finished-at="2023-01-04T18:22:57Z">
          <reporter-output>
          </reporter-output>
        </test-method> <!-- setDriver -->
        <test-method status="PASS" signature="setDriver()[pri:0, instance:tests.LoginTest@4690b489]" name="setDriver" is-config="true" duration-ms="5642" started-at="2023-01-04T18:22:25Z" finished-at="2023-01-04T18:22:30Z">
          <reporter-output>
          </reporter-output>
        </test-method> <!-- setDriver -->
        <test-method status="PASS" signature="setDriver()[pri:0, instance:tests.LoginTest@4690b489]" name="setDriver" is-config="true" duration-ms="7286" started-at="2023-01-04T18:22:25Z" finished-at="2023-01-04T18:22:32Z">
          <reporter-output>
          </reporter-output>
        </test-method> <!-- setDriver -->
        <test-method status="PASS" signature="rememberMe_TC03()[pri:0, instance:tests.LoginTest@4690b489]" name="rememberMe_TC03" duration-ms="43304" started-at="2023-01-04T18:22:30Z" finished-at="2023-01-04T18:23:14Z">
          <reporter-output>
          </reporter-output>
        </test-method> <!-- rememberMe_TC03 -->
        <test-method status="PASS" signature="loginErrorMsg_TC01()[pri:0, instance:tests.LoginTest@4690b489]" name="loginErrorMsg_TC01" duration-ms="11338" started-at="2023-01-04T18:22:32Z" finished-at="2023-01-04T18:22:43Z">
          <reporter-output>
          </reporter-output>
        </test-method> <!-- loginErrorMsg_TC01 -->
        <test-method status="PASS" signature="removeDriver()[pri:0, instance:tests.LoginTest@4690b489]" name="removeDriver" is-config="true" duration-ms="1677" started-at="2023-01-04T18:22:43Z" finished-at="2023-01-04T18:22:45Z">
          <reporter-output>
          </reporter-output>
        </test-method> <!-- removeDriver -->
        <test-method status="FAIL" signature="loginToSF_TC02()[pri:0, instance:tests.LoginTest@4690b489]" name="loginToSF_TC02" duration-ms="24854" started-at="2023-01-04T18:22:57Z" finished-at="2023-01-04T18:23:22Z">
          <exception class="java.lang.AssertionError">
            <message>
              <![CDATA[Free trial should be seen expected [true] but found [false]]]>
            </message>
            <full-stacktrace>
              <![CDATA[java.lang.AssertionError: Free trial should be seen expected [true] but found [false]
at org.testng.Assert.fail(Assert.java:96)
at org.testng.Assert.failNotEquals(Assert.java:776)
at org.testng.Assert.assertTrue(Assert.java:44)
at tests.LoginTest.loginToSF_TC02(LoginTest.java:51)
at sun.reflect.NativeMethodAccessorImpl.invoke0(Native Method)
at sun.reflect.NativeMethodAccessorImpl.invoke(Unknown Source)
at sun.reflect.DelegatingMethodAccessorImpl.invoke(Unknown Source)
at java.lang.reflect.Method.invoke(Unknown Source)
at org.testng.internal.MethodInvocationHelper.invokeMethod(MethodInvocationHelper.java:124)
at org.testng.internal.Invoker.invokeMethod(Invoker.java:583)
at org.testng.internal.Invoker.invokeTestMethod(Invoker.java:719)
at org.testng.internal.Invoker.invokeTestMethods(Invoker.java:989)
at org.testng.internal.TestMethodWorker.invokeTestMethods(TestMethodWorker.java:125)
at org.testng.internal.TestMethodWorker.run(TestMethodWorker.java:109)
at java.util.concurrent.ThreadPoolExecutor.runWorker(Unknown Source)
at java.util.concurrent.ThreadPoolExecutor$Worker.run(Unknown Source)
at java.lang.Thread.run(Unknown Source)
]]>
            </full-stacktrace>
          </exception> <!-- java.lang.AssertionError -->
          <reporter-output>
          </reporter-output>
        </test-method> <!-- loginToSF_TC02 -->
        <test-method status="PASS" signature="removeDriver()[pri:0, instance:tests.LoginTest@4690b489]" name="removeDriver" is-config="true" duration-ms="9608" started-at="2023-01-04T18:23:14Z" finished-at="2023-01-04T18:23:23Z">
          <reporter-output>
          </reporter-output>
        </test-method> <!-- removeDriver -->
        <test-method status="PASS" signature="removeDriver()[pri:0, instance:tests.LoginTest@4690b489]" name="removeDriver" is-config="true" duration-ms="2289" started-at="2023-01-04T18:23:22Z" finished-at="2023-01-04T18:23:24Z">
          <reporter-output>
          </reporter-output>
        </test-method> <!-- removeDriver -->
        <test-method status="PASS" signature="tearDown()[pri:0, instance:tests.LoginTest@4690b489]" name="tearDown" is-config="true" duration-ms="1134" started-at="2023-01-04T18:24:05Z" finished-at="2023-01-04T18:24:06Z">
          <reporter-output>
          </reporter-output>
        </test-method> <!-- tearDown -->
      </class> <!-- tests.LoginTest -->
      <class name="tests.UserMenuTest">
        <test-method status="PASS" signature="setDriver()[pri:0, instance:tests.UserMenuTest@79b06cab]" name="setDriver" is-config="true" duration-ms="2730" started-at="2023-01-04T18:22:45Z" finished-at="2023-01-04T18:22:48Z">
          <reporter-output>
          </reporter-output>
        </test-method> <!-- setDriver -->
        <test-method status="PASS" signature="myProfile_TC06()[pri:0, instance:tests.UserMenuTest@79b06cab]" name="myProfile_TC06" duration-ms="76093" started-at="2023-01-04T18:22:48Z" finished-at="2023-01-04T18:24:04Z">
          <reporter-output>
          </reporter-output>
        </test-method> <!-- myProfile_TC06 -->
        <test-method status="PASS" signature="removeDriver()[pri:0, instance:tests.UserMenuTest@79b06cab]" name="removeDriver" is-config="true" duration-ms="1325" started-at="2023-01-04T18:24:04Z" finished-at="2023-01-04T18:24:05Z">
          <reporter-output>
          </reporter-output>
        </test-method> <!-- removeDriver -->
      </class> <!-- tests.UserMenuTest -->
    </test> <!-- Test -->
  </suite> <!-- Suite -->
</testng-results>
